<?xml version="1.0" encoding="UTF-8"?>
<!-- Generated by org.testng.reporters.JUnitReportReporter -->
<testsuite skipped="0" hostname="ASDP1760PO02529" name="com.qainfotech.tap.training.resourceio.TeamsYamlReaderTest" tests="1" failures="0" timestamp="05 Jul 2017 10:53:01 GMT" time="0.053" errors="0">
  <testcase name="Team_getActiveMembers_should_return_a_list_of_team_members_that_are_active" time="0.053" classname="com.qainfotech.tap.training.resourceio.TeamsYamlReaderTest"/>
</testsuite> <!-- com.qainfotech.tap.training.resourceio.TeamsYamlReaderTest -->
