<?xml version="1.0" encoding="UTF-8"?>
<!-- Generated by org.testng.reporters.JUnitReportReporter -->
<testsuite skipped="0" hostname="ASDP1760PO02529" name="com.qainfotech.tap.training.resourceio.TeamsJsonReaderTest" tests="1" failures="0" timestamp="05 Jul 2017 04:20:27 GMT" time="0.049" errors="0">
  <testcase name="getListOfTeams_should_return_a_list_if_Team_object_from_db_json" time="0.049" classname="com.qainfotech.tap.training.resourceio.TeamsJsonReaderTest"/>
</testsuite> <!-- com.qainfotech.tap.training.resourceio.TeamsJsonReaderTest -->
