<?xml version="1.0" encoding="UTF-8"?>
<!-- Generated by org.testng.reporters.JUnitReportReporter -->
<testsuite skipped="0" hostname="ASDP1760PO02529" name="com.qainfotech.tap.training.resourceio.TeamsYamlReaderTest" tests="1" failures="0" timestamp="06 Jul 2017 04:51:09 GMT" time="0.005" errors="0">
  <testcase name="getIndividualByName_should_throw_ObjectNotFoundException_for_incorrect_name" time="0.005" classname="com.qainfotech.tap.training.resourceio.TeamsYamlReaderTest"/>
</testsuite> <!-- com.qainfotech.tap.training.resourceio.TeamsYamlReaderTest -->
